\BOOKMARK [0][-]{chapter.1}{Introduzione}{}
\BOOKMARK [1][-]{section.1.1}{Una panoramica generale.}{chapter.1}
\BOOKMARK [1][-]{section.1.2}{La rete Mini-KaZaA.}{chapter.1}
\BOOKMARK [0][-]{chapter.2}{Bootstrap Server}{}
\BOOKMARK [1][-]{section.2.1}{Il Bootstrap server in generale}{chapter.2}
\BOOKMARK [1][-]{section.2.2}{Entriamo nel dettaglio}{chapter.2}
\BOOKMARK [1][-]{section.2.3}{La classe NodeInfo}{chapter.2}
\BOOKMARK [1][-]{section.2.4}{L'interfaccia grafica.}{chapter.2}
\BOOKMARK [0][-]{chapter.3}{Mini-KaZaA Client}{}
\BOOKMARK [1][-]{section.3.1}{Mini-KaZaA Client in generale}{chapter.3}
\BOOKMARK [1][-]{section.3.2}{Il codice di Mini-KaZaA client}{chapter.3}
\BOOKMARK [1][-]{section.3.3}{Le strutture dati comuni}{chapter.3}
\BOOKMARK [2][-]{subsection.3.3.1}{NodeConfig.java}{section.3.3}
\BOOKMARK [2][-]{subsection.3.3.2}{Query.java}{section.3.3}
\BOOKMARK [2][-]{subsection.3.3.3}{Answer.java}{section.3.3}
\BOOKMARK [2][-]{subsection.3.3.4}{SearchField.java}{section.3.3}
\BOOKMARK [2][-]{subsection.3.3.5}{Download.java}{section.3.3}
\BOOKMARK [2][-]{subsection.3.3.6}{DownloadRequest.java}{section.3.3}
\BOOKMARK [2][-]{subsection.3.3.7}{DownloadResponse.java}{section.3.3}
\BOOKMARK [1][-]{section.3.4}{Il percorso di una query}{chapter.3}
\BOOKMARK [1][-]{section.3.5}{La classe SupernodeList.java}{chapter.3}
\BOOKMARK [1][-]{section.3.6}{Il paradigma Observable-Observer}{chapter.3}
\BOOKMARK [1][-]{section.3.7}{Ping dei nodi}{chapter.3}
\BOOKMARK [1][-]{section.3.8}{Invio di file e divisione del file in parti.}{chapter.3}
\BOOKMARK [1][-]{section.3.9}{La grafica del client Mini-KaZaA}{chapter.3}
\BOOKMARK [0][-]{chapter.4}{Ordinary Node}{}
\BOOKMARK [1][-]{section.4.1}{Le classi del package ordinarynode}{chapter.4}
\BOOKMARK [2][-]{subsection.4.1.1}{OrdinarynodeFiles.java}{section.4.1}
\BOOKMARK [2][-]{subsection.4.1.2}{OrdinarynodeDownloadMonitor.java}{section.4.1}
\BOOKMARK [2][-]{subsection.4.1.3}{OrdinarynodeFoundList.java}{section.4.1}
\BOOKMARK [2][-]{subsection.4.1.4}{OrdinarynodeQuestionList.java}{section.4.1}
\BOOKMARK [2][-]{subsection.4.1.5}{OrdinarynodeFriendRequest.java}{section.4.1}
\BOOKMARK [1][-]{section.4.2}{Il cuore di un Ordinary Node}{chapter.4}
\BOOKMARK [2][-]{subsection.4.2.1}{Engine}{section.4.2}
\BOOKMARK [2][-]{subsection.4.2.2}{ON in ascolto sul socket TCP}{section.4.2}
\BOOKMARK [2][-]{subsection.4.2.3}{ON e RMI}{section.4.2}
\BOOKMARK [2][-]{subsection.4.2.4}{Scelta del SN al quale connettersi}{section.4.2}
\BOOKMARK [2][-]{subsection.4.2.5}{Condivisione di file}{section.4.2}
\BOOKMARK [0][-]{chapter.5}{Super Node}{}
\BOOKMARK [1][-]{section.5.1}{L'interfaccia per le callback}{chapter.5}
\BOOKMARK [1][-]{section.5.2}{Indicizzamento dei file degli ON collegati}{chapter.5}
\BOOKMARK [2][-]{subsection.5.2.1}{addNewOnFileList}{section.5.2}
\BOOKMARK [2][-]{subsection.5.2.2}{searchFiles}{section.5.2}
\BOOKMARK [2][-]{subsection.5.2.3}{Altri metodi}{section.5.2}
\BOOKMARK [1][-]{section.5.3}{Smistamento delle query}{chapter.5}
\BOOKMARK [1][-]{section.5.4}{Il cuore di un Super Node}{chapter.5}
\BOOKMARK [2][-]{subsection.5.4.1}{Engine}{section.5.4}
\BOOKMARK [2][-]{subsection.5.4.2}{SN e RMI}{section.5.4}
\BOOKMARK [2][-]{subsection.5.4.3}{SN in ascolto su socket TCP}{section.5.4}
\BOOKMARK [0][-]{chapter.6}{Il package Util}{}
\BOOKMARK [1][-]{section.6.1}{Descrittore di file custom}{chapter.6}
\BOOKMARK [1][-]{section.6.2}{Calcolo dell'md5}{chapter.6}
\BOOKMARK [1][-]{section.6.3}{Manipolazione delle stringhe}{chapter.6}
\BOOKMARK [1][-]{section.6.4}{Interazione con i file e con i metadati}{chapter.6}
\BOOKMARK [2][-]{subsection.6.4.1}{getFilesIntoDirectory}{section.6.4}
\BOOKMARK [2][-]{subsection.6.4.2}{transformFileToMKFile}{section.6.4}
\BOOKMARK [2][-]{subsection.6.4.3}{saveMySharedFiles}{section.6.4}
\BOOKMARK [2][-]{subsection.6.4.4}{loadMySharedFiles}{section.6.4}
\BOOKMARK [0][-]{chapter.7}{Il package di grafica}{}
\BOOKMARK [1][-]{section.7.1}{Il campo di testo}{chapter.7}
\BOOKMARK [1][-]{section.7.2}{I bottoni}{chapter.7}
\BOOKMARK [1][-]{section.7.3}{Gestore degli eventi}{chapter.7}
\BOOKMARK [1][-]{section.7.4}{Le tabelle di Java}{chapter.7}
\BOOKMARK [0][-]{chapter.8}{Scelte di progetto e cenni di teoria}{}
\BOOKMARK [1][-]{section.8.1}{Java Bean}{chapter.8}
\BOOKMARK [1][-]{section.8.2}{UML Logica}{chapter.8}
\BOOKMARK [1][-]{section.8.3}{Classe Wrapper per il socket}{chapter.8}
\BOOKMARK [1][-]{section.8.4}{Il protocollo TCP}{chapter.8}
\BOOKMARK [1][-]{section.8.5}{Il protocollo UDP}{chapter.8}
\BOOKMARK [1][-]{section.8.6}{Remote Method Invocation}{chapter.8}
\BOOKMARK [1][-]{section.8.7}{Utilizzo dei ThreadPool}{chapter.8}
\BOOKMARK [1][-]{section.8.8}{Come funzionano le query}{chapter.8}
\BOOKMARK [1][-]{section.8.9}{La classe di log}{chapter.8}
\BOOKMARK [0][-]{appendix.A}{Manuale d'uso}{}
\BOOKMARK [1][-]{section.A.1}{Installazione}{appendix.A}
\BOOKMARK [1][-]{section.A.2}{Primo avvio}{appendix.A}
\BOOKMARK [1][-]{section.A.3}{Come funziona}{appendix.A}
\BOOKMARK [2][-]{subsection.A.3.1}{Cercare e scaricare un file}{section.A.3}
\BOOKMARK [2][-]{subsection.A.3.2}{Aggiungere un file nella lista dei file condivisi}{section.A.3}
\BOOKMARK [2][-]{subsection.A.3.3}{Controllare lo stato dei download}{section.A.3}
\BOOKMARK [2][-]{subsection.A.3.4}{NetMonitor}{section.A.3}
\BOOKMARK [2][-]{subsection.A.3.5}{Chiudere le schede}{section.A.3}
\BOOKMARK [1][-]{section.A.4}{Consigli degli autori per l' utilizzo}{appendix.A}
